middleware invoked
HTTP_AUTHORIZATION=None
middleware invoked
HTTP_AUTHORIZATION=Bearer eyJhbGciOiJSUzI1NiIsInR5cCI6IkpXVCJ9.eyJzY29wZSI6bnVsbCwiZXhwIjoxNzU5MzgxOTgwLCJpc3N1ZXIiOiJBbHBoYSJ9.VK5NHE-9BxQBtTdlvpQ6tq--E8_3M7a-D21VK3YGow8coAtWbqlejTYi1D9xbR4yl1RmsqR2-YKeA7X62lpaNlYJCL6qmLtoo5nXCdsXpaMSbfvsqltFhqo7SdwXtvHMcy6eUD-JMB4UJCnjb14Y6SlkEpVkFTtjiAHzncnDLfs_h0AYyv3x3qBiWua2JwQ_qsjTHKi8BIJmuPThlrLOzyDdhxxmt44t1L70S1v9E3UNgfsPgWX2fbrZ_JtUGEaxGgCaHK_iUGgbUE6f7wmbzWlh2eCdbIWBL_zbLus_o5uuzCG5ZdkN41QdBWktzM78UjbERGxsiDFhP5_amJOsHmIkCmxbJrhXHn-iFA54yDgAKpezDvMAGDtQg0mtgs1_75yoWiJiOxBBWEl5at67ley2HsjqqOpCFKqW4xWzxVEelp3F_Wo87DloAb7ZkA8bpVmTwoq1yr0e1L8JLMdqIseTWqN_gFCrHboHDP_iVl9NYBhcqS6VTnp85J1_QgZNVNzH9FN5kXb4akprdFAj-0Ikf_CIUXfgL1sbILLPsBf1izVIR0nHAZQ_EZChjoH9LBrRpwQqyfIvcjMlqBe_fOk_Hfg6i-oVjT4mO7xyteD_yuyS_apbeP9uIfVXh25ICR0OWEr_90GI4SKD6VGFdWZyrH3I7uKdIewqZ1gp23w
token_found=True token_str_prefix=eyJhbGci
middleware invoked
HTTP_AUTHORIZATION=None
middleware invoked
HTTP_AUTHORIZATION=Bearer eyJhbGciOiJSUzI1NiIsInR5cCI6IkpXVCJ9.eyJzY29wZSI6bnVsbCwiZXhwIjoxNzU5MzgxOTgxLCJpc3N1ZXIiOiJBbHBoYSJ9.m8wsevzIJ73oNPBN2eoC-9hMfUX2dlLJaac85kdjZtGXpGnXj7CqY4JsbmJ6nmfYfy4Kw2-o8mEeiR2yg1y3eDTQTgPNHs3AHeOMB7EUq5uk0DuVMdGDqPA9h4xm-xHrTxEAc0sVbH4bh7OP34iH-FpW4Q3xCHG8l-vdRtlmPaU-SM7EDks49iURr7e52JKQKX_frgtJe1DOn79QU43WbkqW9DvUvCkNiaEalWaOGfJ5DQ2TNoIx1SFjN8wpgoO9-1zZ0zJLNMK63Z1VadCc5WvHsXLLBVpp6ZQ98jxaXdqra8o4ou5kjR6NwZIt6AHmn_NzQ_Vg0wHOkSD9fN-F1AvBlI6KEjwndf7Izn5uyTGe6JUTtx22Z1bTZ8DDPI8X4ys1ihe3-nmxR2dL7rLCXMGhPe77N7BwiXGoPxFZmh-MLxpSqnwJc1WxmsobJM9WmQ5G5h-yKtEyspRhlN4tFxkFmISNW8TcYTInRF3SS8AGf3MEcz6LHpdrTpl4pKquQ1rI_14C-Ncnw26YHulq0HcajS-LE5Jrkk6eWPzTDVFiFVylOtMT99HlfBbCc6FHDbJYFGISEI7wHyilTqTSHI3gkbTawcn8ILTlS-6QzCDlwg-ZWEQDg6wahV5_4NOOBcAeoMkpjc_zBxrsSNarE3wZUvdZJeRdQCEOhUfLAJE
token_found=True token_str_prefix=eyJhbGci
middleware invoked
HTTP_AUTHORIZATION=None
middleware invoked
HTTP_AUTHORIZATION=Bearer eyJhbGciOiJSUzI1NiIsInR5cCI6IkpXVCJ9.eyJzY29wZSI6bnVsbCwiZXhwIjoxNzU5MzgxOTgyLCJpc3N1ZXIiOiJBbHBoYSJ9.Rl_1WXA8hB6recVty1Z28lHR65rW5YhhhS2LzCCyojreINieKzXORRgJyjDMRGEgDf8twq9QxXiDO8dVZVH7jaNDuRnzPObNFrR0sSlQNNPLCAr15MgvyZOu5KkVBx5IlGEO5Oz-nYtjIS_42sxVTu8z6JcDutf-w4UsNqMiVRWP6YLvQWGJGPnsltrZME0gMfIeSmeTY0NcRDvjE2sd3im6cZ8JpC9eu_vTYfY2gpyHrKI4hnGNEHgrcmUUiNxpUyaMwpTy33XNNxgNluQOTPKIAV7MyibbAJ4vcUHhjOG8MZEfe2Etbs9c7_qrF5sJd-H357MLRvKbEYcTBuSxhXMF5cNugEzu8TemNX6kKUyfWyHKjpbDT94VCSBkGl6v-1B3U2dlHHavvn-ztBmVqkQB7WekRTQBKQdqHXsJyJo4l5qHGwrqDyWqZ_g4XP21nQuF5myPDSOGRsH7hGDjKaXVCu09Pnsv_iTYBuNprYhkVEtLW_Q746WHXVnh5B3a7Q-xS5YH4vLfDXfKq1Xs-xC52K56V8sdwGXN0JTT8LB-xLVcFPYh-BGT5Xb9zaHfMXz9hxMGnnaO6zJt4e08cxCeVY7UQebsM0_vwQ1nSLT6tmlg-5rO4NlAobUtSOc4P1EBe59NpqnW9yKYlki5SAx7SLTQT4pWTiUhUze4QL8
token_found=True token_str_prefix=eyJhbGci
middleware invoked
HTTP_AUTHORIZATION=None
middleware invoked
HTTP_AUTHORIZATION=Bearer eyJhbGciOiJSUzI1NiIsInR5cCI6IkpXVCJ9.eyJzY29wZSI6bnVsbCwiZXhwIjoxNzU5MzgyMDU4LCJpc3N1ZXIiOiJBbHBoYSJ9.ot64zEHXQfnkhC71DJReUfNI88OAaaX5GkmLqEvAGa8YXNDa5DQNtgvbgF1NGzgmG3eBU0KSlYs7vfNv8HzlAqgLYp9H1aOkV8VQrq7C25bpsx-7HLH0Zg0z4343ui3zuo9P_LogG72wtHAQl51ImAeH3CIi6bBxtDzIY8drGl9v31gmFQih-KMXmu77Xvq3OMBjg5-4U_udrjfV5r2pLHvCMNGEoML3WWEc_J40oCKEkkIvBm-NMeif6TgrYXe3cqV6y2aMeZ9QOoNp8BuzJWCzgzfZsWjKJjWs9j0EUSM7ClVlDFxPf--c_xtF4YsfVHqsaLtbGKToWhYDhQM6cFbO_Xp9TFEf-uah-8ouLUhO3HhC-xmXbeMSquCat6reDcTvavS4BTsMACWhbdmmdLzZAGp20GxtgbXVqkcpxEBEpVn7GiXh90cy9OBZThoPSPbZz6QxmB_8ZdrIS67gu7wMbAVTHp9LOvZaF2wmkNHPmtPDuZT8KDPxvGamyDAMaup89bSgtzufUhowLMRIGoxQDG-gmvjT0WaFcexBZgPbb2Qp5A3RecbIsPif0-IFqZxPwRmJwwn-mBLBowpgf0kuBF0tz29WzgE0x78H3NMNkGe4XG_j0ztoU6vTL3-pQmxelGDs8sJ75VTEwSPPjjUOcIx3CGAxqqZj_AYQBHo
token_found=True token_str_prefix=eyJhbGci
authorization_header_removed
middleware invoked
HTTP_AUTHORIZATION=None
middleware invoked
HTTP_AUTHORIZATION=Bearer eyJhbGciOiJSUzI1NiIsInR5cCI6IkpXVCJ9.eyJzY29wZSI6bnVsbCwiZXhwIjoxNzU5MzgyMDU4LCJpc3N1ZXIiOiJBbHBoYSJ9.ot64zEHXQfnkhC71DJReUfNI88OAaaX5GkmLqEvAGa8YXNDa5DQNtgvbgF1NGzgmG3eBU0KSlYs7vfNv8HzlAqgLYp9H1aOkV8VQrq7C25bpsx-7HLH0Zg0z4343ui3zuo9P_LogG72wtHAQl51ImAeH3CIi6bBxtDzIY8drGl9v31gmFQih-KMXmu77Xvq3OMBjg5-4U_udrjfV5r2pLHvCMNGEoML3WWEc_J40oCKEkkIvBm-NMeif6TgrYXe3cqV6y2aMeZ9QOoNp8BuzJWCzgzfZsWjKJjWs9j0EUSM7ClVlDFxPf--c_xtF4YsfVHqsaLtbGKToWhYDhQM6cFbO_Xp9TFEf-uah-8ouLUhO3HhC-xmXbeMSquCat6reDcTvavS4BTsMACWhbdmmdLzZAGp20GxtgbXVqkcpxEBEpVn7GiXh90cy9OBZThoPSPbZz6QxmB_8ZdrIS67gu7wMbAVTHp9LOvZaF2wmkNHPmtPDuZT8KDPxvGamyDAMaup89bSgtzufUhowLMRIGoxQDG-gmvjT0WaFcexBZgPbb2Qp5A3RecbIsPif0-IFqZxPwRmJwwn-mBLBowpgf0kuBF0tz29WzgE0x78H3NMNkGe4XG_j0ztoU6vTL3-pQmxelGDs8sJ75VTEwSPPjjUOcIx3CGAxqqZj_AYQBHo
token_found=True token_str_prefix=eyJhbGci
authorization_header_removed
middleware invoked
HTTP_AUTHORIZATION=None
middleware invoked
HTTP_AUTHORIZATION=Bearer eyJhbGciOiJSUzI1NiIsInR5cCI6IkpXVCJ9.eyJzY29wZSI6bnVsbCwiZXhwIjoxNzU5MzgyMDU5LCJpc3N1ZXIiOiJBbHBoYSJ9.UOphbbJVnX6VK_U-kCIl_wHpVcjhVMfMZxmcR9qAXFtsn4Y4_VODiQYCo9GeYs2yIb0sDIC9QKlH-xeZd0xeEuQEwidM9nDsxx_T06UWF1Tj--H7RA1Og3pbsJXMCzw3S1b70hWEYbK50HR7d--d7gcKz8M7LxsjQRpsI9DIy6Dg1Kt-Y-_WEdIy7fQTb7_4IFWEloG9WVy4mO3WGXSq_N5jITghYWLMVvDHvNq2nZoi3968RTChrMX6v5u5ntvih1h9KXPBGTEuVr2lOIplLBwOtIOtauLMG06WyPFuTIEebbL--n81Pp5bcS8xLctLM8m5z-xq0N-d_x2i9MQo_7TCWoJwyzikEfXwWISSR293bFTx8vjaqfCESHVO5DoojTjeBp7XWzdKZMQtmWk0Fbw8iK6rZEd_eKLKIENAatqiMDmklSkp5ji_d7F_YVbKUYUi7txFvYh3gJyAMbyXXZn3Pilh3tauQD4_pxAKMvJYK5zwAKFB5CNiu_5L-tw2ufy6bh70gU-zCUa8W-v27DzxehWjvsT4EuUt6qlGfAHCfoinqfkdwIz3eDDDbKIa5ttHpIQwXGuvDDPdk_6mCyaG2hT-GZ3AUfU6_dZ1de44xV_mFzC_jvBKNU-v5aXSOxKWnps26YQ7_Oe_wQZFmWyOA6nEbLxX_rqX0pS1EQ4
token_found=True token_str_prefix=eyJhbGci
authorization_header_removed
middleware invoked
HTTP_AUTHORIZATION=None
middleware invoked
HTTP_AUTHORIZATION=Bearer eyJhbGciOiJSUzI1NiIsInR5cCI6IkpXVCJ9.eyJzY29wZSI6bnVsbCwiZXhwIjoxNzU5MzgyMDY1LCJpc3N1ZXIiOiJBbHBoYSJ9.cXfeuTdG_wBGMZujOpMCjfIxGK7NSoROqpkgFCQ5xRabxsmq8WkcFoXcguaNTR9GzMzaG0oZfuTp8_ImR_gHjjSaTOspmcHxFpx28LC69idvJ9O3ojvWyAR7Rk5eUFkeJOVDmIekzj3ad0ATFcU_Uk_NeM-pa-fn5JL8saCUofHb14CkpDX-JHRxFhDmEw0-fBbSxzYmbN2Nr20TpYhSHWHRDcmQG8FTjI9iYzh6eKYy7XP1rLjOXbGP4clfFyNlsCaAGpwlK1GbFQCbcXqFtKWaFc16pdgjOcHOuQehaQI_PgaikQ-xdPU_KGbjg5hYfHg5nBNyd3UmtDWaINzrO9Tn0wB8xUm-2nWWm49Bv4AWOdYk7zcnCRnbqW9Lz5GetLKbR-KUGP-knf2IOGdAnDzvhCZ52sI44CMIHu76FodICgOFM6SKaKczLKUnZzwQle3Q4oQ69Nrb60C8zO1bikzkOzfLWl0CRdgdaiD7t8YiUPV-MK0Gpil-DJm4NAi3G2Se7va1ptzGN0aCkIbMl2ZPuDcnruvr0sAtmyr4cpIwH3TrcTT91kC6UIT_g-K9zX1BScLZDeP093rQ0IqFs870Qy3n0Ei-kdIuYhx4pBvXyp0E95FP567c2Rn28qPpmsRudLTSo9M1TgFaJL9MO-6rLa-EDyuTUS4o0Ra7W1Y
token_found=True token_str_prefix=eyJhbGci
authorization_header_removed
middleware invoked
HTTP_AUTHORIZATION=None
middleware invoked
HTTP_AUTHORIZATION=Bearer eyJhbGciOiJSUzI1NiIsInR5cCI6IkpXVCJ9.eyJzY29wZSI6bnVsbCwiZXhwIjoxNzU5MzgyMDY2LCJpc3N1ZXIiOiJBbHBoYSJ9.WBL2zo7l4MLGyhxZp7kGOgpPFXfWZdLIs0EnLkaCo6KGwFYmBuRBqp7fQT-ZkipgJdPoJQkmyuiwRESglDK4xhtKb11IDtHNyV5anSJVf71sXxA0FtpaH-0k9HCTuL5mSLStIT-lZu_4jISawJ7-tyGzjkoUbOU3xUh_3IeQVNjk8WtaOq-2md9c7LeaM6m4nZH740Pmws-rcFO10GLugUbbcIexMvU8aOp9xxkqkoSN5I3ahQ3D0oRGJyjwo_VIgzH1qRJyFf-SKNKCqKfOOY_kDqSvBQrT8oG0MHFxcA2qZylMiV66Ph-eFbqCZmGFLRezOxHuPOSovzuSbhEIGOKmTPSTSNgRnkjHyezItw_OKsQ1WSxzb84ZoeflvzgqXCo3hlpN5dRnPYP5PnaN9wSGMD3itSnpfQKEQGtRngJFslfDyCGlPVvmwgguzAZm_xojjwO0jCpN5EmmXTNwQSG3IJ_UBaIBb2OAAvLwfMy_XBa4P1HTP_yWaKnkULS0fT76qKgPmcDr-w4sJhlxKToS8O6IHJXAlC6NjOyF_1JJo6bovXtzv1IoIGZby-bAYzbJSn2XpbxurCaB9KXTqWEp3JOJec5mhSuevzrfCNpd0meGwBZLmwzP3RRhbod24qk4WnKQQai12uCvyeWgvsAbn4qD55x4dKyftcWg47o
token_found=True token_str_prefix=eyJhbGci
authorization_header_removed
middleware invoked
HTTP_AUTHORIZATION=None
middleware invoked
HTTP_AUTHORIZATION=Bearer eyJhbGciOiJSUzI1NiIsInR5cCI6IkpXVCJ9.eyJzY29wZSI6bnVsbCwiZXhwIjoxNzU5MzgyMDY3LCJpc3N1ZXIiOiJBbHBoYSJ9.v_KujLFl8aBnC5UFUR9yPw-ERbeoC65WIIX0ssaIFS6L9IXIWVwwo-PEG14LT5iVzqvxxYFmD0Rdb_vxHpG13oXshmyQk518OJeFpM0e5OAzcML19_LokDM-FIXrv2CAcjkjZxNI5QvBJuBOgR372Xorqull2SvtIWjuwcEe_vNiHSLKpwUxb87cl-maoXx9xcg3qKRXwHKRQCbR0arrNBR5zh9u7M9QaNW5Hz01w9qB-gVglt-8ctkOF4PiX7nxhfw0nGt79yC_QxPY9PglvayPSU1EysCEkrkZP2hTmSpc2N9qVl0PAQMwjbhsN0mfMLxw9pbVrd8mBGKhoUFGMoembp8pTaQeIzd6BtJQMHgn-kVPzRpJAXZ1qJuctLFVoGa_kIOiIMMt3fxS3jgfyd4kcybeD6DGvdn9cvdE-C7Y7yj8TJnnH30M3YvDVnbroNd2Gy_HgSQjnXal_cuUmKZkHkOFa7f2V09gZ9ye65pJsnNizvMBYQZHpxdMO-n085qCi1uSYGPEBnEpFdcdk1BmrQ9zWUHtFImcOfSWkrUt971zZ1bsbgX7LFEBhBEFPfXajF3eB3Bymg6YONPbU25hVrgiMel4cDJLXl6ahSpLvrTHr_jEP3-evaYLcRLXezte8o3tulrwcK-fDQYHgEnD0ZjuJWNf2qixR9uOmzw
token_found=True token_str_prefix=eyJhbGci
authorization_header_removed
middleware invoked
HTTP_AUTHORIZATION=None
middleware invoked
HTTP_AUTHORIZATION=Bearer eyJhbGciOiJSUzI1NiIsInR5cCI6IkpXVCJ9.eyJzY29wZSI6bnVsbCwiZXhwIjoxNzU5MzgyMTI3LCJpc3N1ZXIiOiJBbHBoYSJ9.A-mDW7E2hMh42VR23W_Cb5rPnmBgq2ET1Iek-GpdeumjhYdqc7I3OJ8yFKaV1A1zKYFfwnek9mQ0ETGLutC8gu9qfXGt079vi1EULPD4-l2MfjmVeZw56hbM3D859mUCQTrJZO1XLNopP1uMt-PxZigxiPLQijWMGNGfFJ-1iQawr7CDPVa4opaN-pjMSAPjvaxQboZ3hMMxR7vLIiXHFEEqCcW3MGj1QCNhuZznORM8Qwpzw8HOuHioUmloAugkIcCizRucuv231n5DCH-G2GovkMtNz9XL6bMfF8RbKyTn-Ihcc5TXr3pOWkD4XHImzxnBwUz2hk8wqq3jQREtq5BO1mTT1jpOrXzo76HmcDn8Ro6joKLxQyXauBOCFAGZN43OCyvEU_UU1JVcQ9JuN4Ci_3phCXRSf9TdtZjBNLgHSn5k2hexL_Bd-aHHCDcaVtYZpMyDfSO0gu8L4s1eVRtzpYN37XLp9WQVacRQV-IJ4CVW_mP3h-FEqswqkl18MIzuj8dJ_v5k9fS3lnrvNCNg135Vjokln3vd5INLHupPuEXnq6U661zwMO0lrjWQ4w-bTsjFu99yIovvra1JYPzb_6PQ_zL9LpztLlqq-fDRKNK_vyh_2bBc4_4qtwXbBd53NUC76HaxB99Rbg5JpfTEjeQ0ONooUmgzGP4Yi8c
token_found=True token_str_prefix=eyJhbGci
authorization_header_removed
middleware invoked
HTTP_AUTHORIZATION=None
middleware invoked
HTTP_AUTHORIZATION=Bearer eyJhbGciOiJSUzI1NiIsInR5cCI6IkpXVCJ9.eyJzY29wZSI6bnVsbCwiZXhwIjoxNzU5MzgyMTI4LCJpc3N1ZXIiOiJBbHBoYSJ9.f7rRPaoS7gO0FVNPRZCaJdjbuBdoS_n2cTIVlEWl7LYPV8xZdOPgRcAU1XhOI5xNFXakJjD2QBu8kHqC0eA0jgeWlEAUrzPcyZiXYpNRmdp0ubGGqtwBCT5ndR58fm4Gvv5zC1mV1GEKzb7AI49jdF5bFaguv-QpbWudvJ8BokYX80cr9n873DqQdetUMWsKUzFTsNtQQ2wVDmj4c_TDwGK4LFCmvXDJ55Ca61_qP592qKymdxVeh_l3cgRiUuU6-RGQ_ITCsk_r9yji3t_NmJXUX2CO2W7HZFhS3FAF6-mZYC0OY8ByXkHU3dSJDVQzE0Lo_H4QvnjBdLevKgy7r4K2HYKBu1yU4aBBJpJm0mx9TzXyIqZ3ABP3nTcWx0UFDuCJjHjQZqTykwBgwejej5uE3_ErS1RqVT2XrPTYp6x_m2PfvRchULxteh3uaPExo3utCv2JQwWNsFTaYkOAaIfNuH-jddsDnLICKxAIUd3nrW-7rftlKStKa2mFQphiesfMO8it0askdFFjbqSPILwMjeeoad-LLj_mmqEkRwUJ1GvxsokmPMu55MVxxTTc8Cl4h5WxONcWgh1pkUlNfj1jW-e1V-ljhx7ylRMnGhSMpUNTUpMAkCf68bt_34_Yj_RJbM5W5gk8HE34JxQv-zCUoSRQLcsc9ZE8FHryDIo
token_found=True token_str_prefix=eyJhbGci
authorization_header_removed
middleware invoked
HTTP_AUTHORIZATION=None
middleware invoked
HTTP_AUTHORIZATION=Bearer eyJhbGciOiJSUzI1NiIsInR5cCI6IkpXVCJ9.eyJzY29wZSI6bnVsbCwiZXhwIjoxNzU5MzgyMTI5LCJpc3N1ZXIiOiJBbHBoYSJ9.fWRX7IL_BYgsCre_J4E6tgI6X9-pN4G-L5PzE9FnOpZRq00YHfdWmfxXfX0x3UwAedUo323TRslWPh79ZOD8P6yFsXJsu1wnzJ1aRlS4arXd_6JAxvbomg4SnRIneNSfGlAdu5BuDI7HQnwct2Tjav8yoQTlTlYlW48XCEn_cB0G-suKsOYO5nJywF8qXneGwfoFbNtiF8U6nB95NapXXx8B44YBQETF3OgP4QN8AFVZaF1e-QWZdD-R9cbDrUdbXHSwIztHBO0tyd7T9db-k0V6CtndxvmFqulvudoArOgebECjUsL_oLVfjIElmF-XU5pGPa2PsiA4ZTMvLaVoOkjE4xp0hvBztxGSMO7k4uAEF7QAp-UwToUiGgYuaItl9ORqSKzq9Ca7rw5NfXSkOScmj-liXijLf5ukYHAMwfZpUaCms4xuy1lyN1XC4eNJVgBZRdMlwM1hXBIX4NSAZFxCAkVzMp2rOnzPLRy2kSXIH3yp4u6dv-c8VfAc5XEHHkLbnIYNYz0wpYm9If4Zb_eXsZm1SKrW1AWYD_uriDfsviOe_AIIRtmt-KL_oP3zn3F9nQyRZ23p9nPpHyoKGoQusQYFj_et5AEvGDJKx0fvytrYMZaZsUtwwL2BSkc_q4-gAL4pcFCByW1CPQvkPk0LrYv8Ve6B1rI6NHEpi08
token_found=True token_str_prefix=eyJhbGci
authorization_header_removed
middleware invoked
HTTP_AUTHORIZATION=None
middleware invoked
HTTP_AUTHORIZATION=Bearer eyJhbGciOiJSUzI1NiIsInR5cCI6IkpXVCJ9.eyJzY29wZSI6bnVsbCwiZXhwIjoxNzU5MzgyMTMxLCJpc3N1ZXIiOiJBbHBoYSJ9.xETLZVC_F3e-3BlNeLNDliWvrbpa39iBu6frmAEjohz7d0NXxHkEUrpmMMZFa2uyPd1IbnjLb0NBBFeiJZXm4hzWZG7CqAB0gSr4gH57ifKKddOJl0-3sIM3aRGw1SVM-GPaj1uTYi20w5v-1eSfE3jb1Jxs0rnX5asgBysUSGLDc_ZqYV3zVkvj-G4-_-t5u5bsLJmwhG3_VfJcR_Y_3HcouL_eSoMdRD14vJYw-nuT10XiQyzI-V-hdfCwkhdR1H2zNDG5g21i4hydyGJUB3zj1Pdn5DUBqS46JrbxbGsOmWQknw15rXTGS7u3KSm3hQGL2NPdxugyZAeXt5xRETSsxC5Knk4EYkhw7x3HumyMhHPyLtrxA7kx4Bl3CPkCEMeFxw-vuJru6JYXs9Fr3tffTCvWSKc5MQCp6GD6GKSn3-PXK6Ow-ssQwJ1RQdLbu5rJJjECcNAttFXyWyTC56XE257NzXjX-TpU5X3hVMAFiKISii9ip_cxKsFItn2PbZqDy6MnvAdmzu8nEvWTczx33DtTeBfCHivdM_PJK_sNBAgjsZlCo6J5yaWqPQGtojruoMrYL-nTucF8yyJEsmQsCF4nmzF0PafSXcmtxijG92C-PF9zsnXMQEb6WERZRXvqkODbq3h9gGjCp1lMPa3fSUdgX_d4C_UqnE1_HmE
token_found=True token_str_prefix=eyJhbGci
authorization_header_removed
middleware invoked
HTTP_AUTHORIZATION=None
middleware invoked
HTTP_AUTHORIZATION=Bearer eyJhbGciOiJSUzI1NiIsInR5cCI6IkpXVCJ9.eyJzY29wZSI6bnVsbCwiZXhwIjoxNzU5MzgyMTMyLCJpc3N1ZXIiOiJBbHBoYSJ9.TLuvo7hitAZ8N7ttv1421iCVCiHGMxLOHdqV8OQkTyCLU-ErEcHFMxwKlhknPehYuJ3hBDWumm7WBF0_pFg3TpOvLUxqVPRCXxZUdoxcBpF4b7s0jP_xwOvaVlNQzXnf1xZ2stT6y4WS_jY4mfu2nqhzhyLrFSw76zuJ0wjeW6RGPSYb4PmaoI_INFatS3Cofr21eO4WPtCKrP5aD6EcbUuY0ctLp95eJGXcs6lFEwYdYf5DPUvGEI7ix06NKLQASrlQr1PZRsAbvEZP9Y2_kw3qnzrv9oaqej3hzbkEzNFX2W-_DQ6QCyY43s4pwOTyM3drcWlPjlloDT_ITiHMoFAWuBA9rlUIjVRt1E49tb2C3pimI96WdAdDEuasirIuSiCAUZmT9J9wGg4aPar0vXHkSWarlXTV-IglNjsi__GA1QBeGeAPLkR8h8RDr1gQpynpoVK0FSotB942Kvto57XqLom06PpHVPm9kVKBI86GNx1OT3GUlnpMUw03oTpfKybHai9T7iuFGlLGvDnD_u1MCVa_FGdh_EpmW6cWksp2Cx-H-Syp3wcI7q3ubMAEFlZOIesKFka3p9pQeWq7_0pTzLNwcRLHa1EmU2UolLtQFd5PxvPA22x7iTO9GLEueD1ukG_UIIuGDhHVCWpKqocVLK0L-hYQAba3RWKHdQQ
token_found=True token_str_prefix=eyJhbGci
authorization_header_removed
middleware invoked
HTTP_AUTHORIZATION=None
middleware invoked
HTTP_AUTHORIZATION=Bearer eyJhbGciOiJSUzI1NiIsInR5cCI6IkpXVCJ9.eyJzY29wZSI6bnVsbCwiZXhwIjoxNzU5MzgyMTMzLCJpc3N1ZXIiOiJBbHBoYSJ9.gdXUXGCr7svD0R8kjLBdcywXU9_4yn7ppBLhqcDoh1WKvMebC5Ya4fAEJXdFaHoiPFlwox7D5y-VveJd5hXbE4lapqe_ZJYLyjP8D7soyFvcPFUNjw3vNwMMw4ioljV2Exe-9vcoeCPVP2Rnf7AepbC4luGSVgQ3N1JbA1DrrUbP6viKMf7dIcDBDHBd1GmlGp05Cdy_P-4tDPcrxHODSi01wtXzv9E3b_V0hDyh3L8RO9UbDxqmcGRLH02l-Ko-YqEAIPXcSnHt3taEq0mE4Yt8Gse9x3i05OkZQEcLb5nJ13DR0nTQGlYKg5H-zVeLFhjnCVqFIzo17O0DNF4BMuaouf9fS5buD0k5V4DLyOVFWd4cOun-J7CJkFDJx7vf07EayW0rUx2-fHneMJ9S7cBd5LygFX07HfRHCsXMABkj7FEmvYgiO_2q1s_NibzVeYMFMjDbG5v3fY6SiLpH14dZVQP2Qw_m2RyiiZ8A3wv7Ebn6rV2XdgeTgDXW5X-gxWRgDIqeOzlHiv5c-99vF3rmbQPNM7JSZYRUY6x_epWuUAFGccmx8fpD8g2ke1YRue_nTd60knQ_YZD5-4AfNiWRv9ZtCWed963clC5t1uIQ-WEP6l-TlKXFpfdNB7-L6tidxZF87t2l4mQi21XsxQAIOqNokKf0K0Xakw19mJw
token_found=True token_str_prefix=eyJhbGci
authorization_header_removed
middleware invoked
HTTP_AUTHORIZATION=None
middleware invoked
HTTP_AUTHORIZATION=Bearer eyJhbGciOiJSUzI1NiIsInR5cCI6IkpXVCJ9.eyJzY29wZSI6bnVsbCwiZXhwIjoxNzU5MzgyMjA3LCJpc3N1ZXIiOiJBbHBoYSJ9.I9hvg-hbtFalFWNFfnX0j6tww-IdpklEPt2K4-YykHR0x3m6lWChU9fH-4M8B9cxiv5Tvab1GczEkpbWu_lSvysh_SXuCLjlaonO8lf8C0PIPj1TjyqKR9Nmi6IXFBLtucixCPB6C2ZK4nGFr_tMQJ5bF6CdNKi9zKFDKSOQmePhVHwbkbxlrJwFdj7YNyWXZIU9MiPmLhTAbiYnut-8vArF2hd0lbHp2BJapTKVKUA8ANbILH7FmWqJz275BbjhJlsRIX46JGcGo_Yl4nwRAfefKn-n5nvz800LCKahq5Rl2KeX6S17-5NjbYgptHvpYPbPt9A5Eq8HzoLTtMv4GK5DUdWMxAHTud-w-oboEs2G5eBKM0Ou8_v9h4rCDArxHtEVsAVhnpPUHys9_tAnwo93wTQRbKDbJtGs9PIWzJ8ygLNEwEn3f0hrIRaEawDmSscMDJBtEtZuav1CmL6lqB4TDJ5PLU7AXizGNywFW_qwYjccI6I8G_OhJwffXX9JMgiAOncid4zrI6bDSPpyFFloa29Y2EEizXCwMacGMVWh7w8HJZ6mCbNxINdtQDI14-Lmts7Sf0f_UJdcLl0Q5cLZCjUdcFBpj8vMMxXOyuwy-PUOnGwDgPSqewnBSodS7zN2DvW_yjSp5dydgmybuLlRpUBfVtOLLpp60_M1INM
token_found=True token_str_prefix=eyJhbGci
authorization_header_removed
middleware invoked
HTTP_AUTHORIZATION=None
middleware invoked
HTTP_AUTHORIZATION=Bearer eyJhbGciOiJSUzI1NiIsInR5cCI6IkpXVCJ9.eyJzY29wZSI6bnVsbCwiZXhwIjoxNzU5MzgyMjA4LCJpc3N1ZXIiOiJBbHBoYSJ9.a4Cj_pJOfXLCkOORvSUL8L2ooUMEpAjzQaLvOXE7O4SpvqexJ0hWuD_kxCFWzHL2q1Gax-CK0ZSGRhTDlXeNsmr7zWJV6cXU7zqujAh5ZgXb35Wp9OGYhRDo70jHBscvT7-XPKiofS-HKt_h0DZYenmYWSGfLHDwboxzv7XY0Q7Hmpwt3bXx41MO57U4uqjSeyeFjUj3j7RxMYR_ePAo4dojwTDFJwpJgAZlFDh0jMMCJGUohihaNTVJK8dxPUq3LtmHECvI4SQ-fKlkEZsn8LDGaomEPimxwMcJpMVmGjMye0xjOSlDp-uKZjWjKfxbXC9Px15zfdnEfJx0Zlkmsv9LOs8PU-rBf7NkE41kgbmfSr2NWTMDcCYmJlTbAxRfdb19oQCtmObi3BysYeFsv3FrCG6PMQ0gnmR3G9-PUGjROQc5GXlnWgTds1xi9L0JaI7-Xs-bDGkt0toAi-okEqgI9yNtSnLXNQW2ULcx-bb0tCOu3EtmuMFQXude7fY8P-fXSkcxcr7detCrd-G9b51-43424yuQNHAytG8-rVrPUQolYML0f22K8Otm8QWEDOZL-IGjhdxDPu4nHws_dmmUm__Isdk9ZZkKWppokRHre6ECd_zSat7okx_DdNv4szG4-31nOL2EFxrycpHkzzq0EVpjmXPDeTac8IdWGDo
token_found=True token_str_prefix=eyJhbGci
authorization_header_removed
middleware invoked
HTTP_AUTHORIZATION=None
middleware invoked
HTTP_AUTHORIZATION=Bearer eyJhbGciOiJSUzI1NiIsInR5cCI6IkpXVCJ9.eyJzY29wZSI6bnVsbCwiZXhwIjoxNzU5MzgyMjA5LCJpc3N1ZXIiOiJBbHBoYSJ9.O37dMG1IvYvOTnpZkHBTNzlYIclb0M3gVKFLv4rkoUrCIJtYvUxEx6K8V-N85xBmWflxs62dHkH1SdnT4GvOFDDFpBT5c0rjYiMV7n-TKXxjn3ANMipXMX9ALnFsiYLymvs8KbJaXDMBNHvzmZNSWIdQ7JZtI5fWLAcws8ugkSBuvrAtpr50o-rOWsQiHbffUREt7ZgP-ZNU5ZQNsf94JegTJn9-u_YuRdug4eZYOBsPchYz9Zey6arQkByKWcJ6FgSKrFF7of-8y7iXJi1zScfyJb0hxRRbq69OmrEUBp70-yCJgfwGYt9r8jdB-naBeIDAJktaeI5wjQrU5h0BKYEwrcVdNYbzgaqAzM8r8sWhE20vdv2XBC6gIGAmyJuamAKHOddGj5POqG-aM9tGcpSI4F80Hw8cSEaV3ZwXAMB7yAhHgNuP8GX_i5bpDfKxFVqGBvZZgSjHMgXTiwDZ_4a4jn3fQZSf9hpIdWyANUZgOV2BcgLzhVmBOauXT3qFvU_E08TIBy-VxAwkJ4ImFkkIw6w-GOBfLUoAj0T8yMfm7dbWSfWDk8HgIQD3P-08uBxOHk0UyFPeB4o8zc6K6GN1dOK74PPZf56zcRD7SwKwVd1K6E8VKuirbgahzRz2q_cI-KKrLcropg_l2_NMXZdKykstWpqrHzMDh1UOYUk
token_found=True token_str_prefix=eyJhbGci
authorization_header_removed
middleware invoked
HTTP_AUTHORIZATION=None
middleware invoked
HTTP_AUTHORIZATION=Bearer eyJhbGciOiJSUzI1NiIsInR5cCI6IkpXVCJ9.eyJzY29wZSI6bnVsbCwiZXhwIjoxNzU5MzgyMjExLCJpc3N1ZXIiOiJBbHBoYSJ9.wQr1BKcKZn6faQopMbvPYd3JK5g1WiNyQxvztPVpTDn7QLxXc0Q3MtfAnP0jtGVvObP72W9d4ctqp7ESOl8u7eJ8ynHBS7UVQQX7QLDXK3UbojMWvtCf6CUhY0rIN9FF3mvC-GuAy6BjVyzO6piD4O66YgRRBBofnr1hjKeUZZscYayZtd2PIY8csS1f2FZPGkenPuSAZrkPEK33eJ7l1Lv5wFo-O5pedv3b8o6S4w4_7CS_sO2C-P0teH96tR8-igVw5gfp9O_zTieddFGwI8Vizv6Zv6nULorCcTAdKka1ZEVpFvaFFIDz2ftlLP0ZgyTBzINYURpfoqFebDT63tjRETzoYQPWPQbv_LECDI-845LtmnBamKm0uJ3_cT-dXbThOwnG96PMnGE0kfCyn39PSmffvfQhO1dCPrsAFFJclg3Anll52h8I768mj2erSvvPCWzsvmLwXADx90PwwZ83ftj-LecRjbyPvm3IUe79pmrkk5uY0oyZZiMXEx5sC6LJ8Qs5TvLfrBhVoCIpXhPpH-SSmlIFxqb8Ut6LGwhJnY19Dx9Betcc8walAXFrB6LxwN5-pg_X5pMgI8cl_SiPWHXzRldlK2AkCh_ctY51gwGym5_gmE95BpovhP4hfTSRsyoBu6bHoHpUtwXfkpV_27fpRdCS5qResOjo2E8
token_found=True token_str_prefix=eyJhbGci
authorization_header_removed
middleware invoked
HTTP_AUTHORIZATION=None
middleware invoked
HTTP_AUTHORIZATION=Bearer eyJhbGciOiJSUzI1NiIsInR5cCI6IkpXVCJ9.eyJzY29wZSI6bnVsbCwiZXhwIjoxNzU5MzgyMjEzLCJpc3N1ZXIiOiJBbHBoYSJ9.E5cOe2bWGplnofez_eOgJUxsDQiumwEpOEjMUHEBdAJG_5wbaQlcYvY3-qUY8DWOzdRiyQ6GSjtcXH55DNzREE1T4MgIGXR--PWlmla1yNhomaPG0rGjs4ELPD_c9Ptsq83LpKGazDWgL9WNMAq2xFIBDKCiiEA0NJG5VsxWAXG_bdTITx-MkNNy2DH6Oo_tT_Bff7K6ngqN_bKxRYp2gqmpxn2UsnivgGHOmnLCtq1nrh9XYCNnXvTF1h9GDYJTeh7GpS1zByEmiwCah8yjKZFHC8Zr1ZG023DFb2zKc-yR_aTjWlCIRAuobbgkZdyIIfaFDl7eG5Xlc4IXBQyFEx_ztlz1MfTlqqay5OIIQyNd_fIE7N9oVX9kST5i46JaLraDievexYlyPYE6oQC8gl1IXJEFrKt3mE9ogXg-zh0e20rNwtMQI7JePVkFKNnmtz3lb5lQTRkvxU05QQnMOjoGOEin0QzOFlApRC80ZmPssfoc2GJSv4mFGX4kl_TsxiWMRzOkIIVAFZ056_XFPUt8Xp_-PwxYYW_pDbZB236WLL4lWISzHCLduLzAUULf60l2ARc4oh1rM1CSXMkZ0EWk8A-nmF9weRMnTO8hDl9JaQPepNeQ2d2TUENWY9-Aw1ThcqVPPGDD1ldDtSqKueuQ7PL7iwEm4OB45BhXTk4
token_found=True token_str_prefix=eyJhbGci
authorization_header_removed
middleware invoked
HTTP_AUTHORIZATION=None
middleware invoked
HTTP_AUTHORIZATION=Bearer eyJhbGciOiJSUzI1NiIsInR5cCI6IkpXVCJ9.eyJzY29wZSI6bnVsbCwiZXhwIjoxNzU5MzgyMjE0LCJpc3N1ZXIiOiJBbHBoYSJ9.oNCZNoczIh_xyLgbdgXoN-aPvw1dXDPxnqxlo98Crjy7lHNU9jI2xSaIhC6aHWPTWpsSTZEl3Z9w6NgZHB9D_5Dm40Qgvdr-3KkjYXZQ0KmLtRYDkdG-rMaYbXyrWh4ShqX7i3tzrTMfo5cdjf9eDfSZ_0fhPPVW1XhWxZHW-fz1qBp6f6NOKiinVAaVhPNOLwrsQLWX468FT6Yt-qmUhZ364ONoSGbrs-1NfBvr5pKkBaGGvNLLNOr5xQZkG6Bnhg2vjWygMKoBceVJV9S8uZJ8sj1pdxVyx8nHcXvQ3HjUstG8MvUUCgkPE1P_ZN-B9zOwxUPgvdj5K3CNKXEfaolg5lZfiJfs5Yk0SPTcO7KHFCfwkV78zztyek91k_Qcetc5aIyTIgCF6Dc0O4KmSgb5gRMUG87OTo9vf4ha8yrRDVCfQUaU9G7EDF_ACAnQbay4LFm54lSeM7MiUSlKC2jkSo3cw1BdoEG1xnwm5cRJJHvYQ0YI3rbNpyFmuVyXZXq-qEf-WUDK4Gy9M-ZoQCkj4FVmnu2eCj6ZzAVd-2bafZrFVMV8sUaAhXAWTBuOoG3X52MoQsVN8BNjCuRTay_emEwnQJ0h8cw0wv2khLKGlgbwBLcYdiT8jcbn8zhyFI5-cqBY5thkwb7xEn97-1BV4Dw64UPq2a17U1f5MSI
token_found=True token_str_prefix=eyJhbGci
authorization_header_removed
middleware invoked
HTTP_AUTHORIZATION=None
middleware invoked
HTTP_AUTHORIZATION=Bearer eyJhbGciOiJSUzI1NiIsInR5cCI6IkpXVCJ9.eyJzY29wZSI6bnVsbCwiZXhwIjoxNzU5MzgyMjgxLCJpc3N1ZXIiOiJBbHBoYSJ9.fh2umKJ8ixQ9wCIEU8gqdDx6AeYfYTdnXQuSLrEyhMczHA2hnuZtWhsEOYgXqBNSl9khHGUsXHJdVnqlTIGBWNt6ajpcX9MJ6eWDUQ3ABvqRWWnU2KIp2vgA-TeAOnow6ooXj2h6Kg_OjaB9udq0cg-VgdMlB0zlxquZGrejmDd77agAFiPOWg7CeSEhf7NMlHi8dtZ2fLZ4e8Vv_1QOKUR2X4swnVI_FIWY_NtQyWv_XPKhmMNZWY-u04PEXuxFkkfG5Djk2B5OkcbTcVbtqWOCxYEEOrWTIbUF-dxsOwJsDc6gyEvQ3wVZdG3r_lknR5WGwfDhVaQRrxQLLErxciADjw0Teu8qV0HGtn3oe-s71izZDu4WPjX7ngrDswGJAlCQCy3ORvt2YHnjTGrq1KZGbg8hFRpUrlMBmViI0P7iu6LYzUUa_iH-MIJvGwPXJnVYCQPZUaIfJvYUax8pLF9YedI4pi5CngvGHMyP1hhdUhb7j-gVEZNtxLYs1LHs9WCHU5IOdFCbzeVoP1bpec6Dwi7D6rQTDzoi0Bi4hSwz5WfZP6wkdyeQwdcZdoaS7pzzExyu2yFnT_fh2fKvs3jAsWGkF5LDpJxoXSyGMUZ_P3bpQ7vGp9SM3g4v5DTA5nvXmvXB5-TBtbfsRUygGYrsZPJfcCCoHj-CIAGJuKU
token_found=True token_str_prefix=eyJhbGci
authorization_header_removed
middleware invoked
HTTP_AUTHORIZATION=None
middleware invoked
HTTP_AUTHORIZATION=Bearer eyJhbGciOiJSUzI1NiIsInR5cCI6IkpXVCJ9.eyJzY29wZSI6bnVsbCwiZXhwIjoxNzU5MzgyMjgyLCJpc3N1ZXIiOiJBbHBoYSJ9.iIHztxdIsFqFOZTDIzmmefdXRfVwCwHhnJU8_XBqM-v4rvBOYtD3QtMQUJVO8nCABG3ksXRE348HQmOKrJpIM_GauA03bdkGw-RUIfsb_HZPG8XEcc4sb8VcWaQIITYxiVbKuc5__7AltoWBUSSrFHkJ8ccVVf9lFmsWse_tbq5qYkIu9y0A1v_9rZCfvzSDjm_vZVT_1COUuNMQSVa4xnzt7EvwCz_6i3vsuXWA7Rys9N-B3itmZM3jLYQEYAKYyHZINXJHamJ83ygB9FsH1JFQZYCe_ADek1ISSvNDINPDY6tx_X7fnf6o9Bdr9i2p6SiAN-w0EcktsQ0MkiWrEU0R9a6XyTXXU4qSvWoPLWzZshks-Cxmo0Z7jkEtZBR0cFwjClnJxd0e06aqbrdEjxIYm52rljpBL3INUKxr3ni-svwXypWb4zNttNXqwZNGjp5oTnbdnfCWZd8r1PesQk_d6iTzgOua5NkHwVRRtq0nSy2Xbql8ZU9hCDSDjVkiXbDfaeOoJSVHtiKTzzwsOwa3eHjdzJUMijrD7LRhrcJupT1zWSqLaTFYoj5zWqjyMDEFkJbMQuYbQe2RmNFEH1AOVguvLyNg5SK2TjTZ814ivT8u1ZnFgHpBQXLpN0sVNqQW1wuxtmIvY6h_e5f6MTFDyQeHQmfwwdhFv7K1RI4
token_found=True token_str_prefix=eyJhbGci
authorization_header_removed
middleware invoked
HTTP_AUTHORIZATION=None
middleware invoked
HTTP_AUTHORIZATION=Bearer eyJhbGciOiJSUzI1NiIsInR5cCI6IkpXVCJ9.eyJzY29wZSI6bnVsbCwiZXhwIjoxNzU5MzgyMjgzLCJpc3N1ZXIiOiJBbHBoYSJ9.kqve7vEyfw8ZG-Uki01TvCtVNO6cBssEZ7YwHVsTBsXa05bbMv-2jE5fQzYJMV4dqYiBiRTdkXpVqWHXwT9QjjDzKQMviYxCEvGG4m8_ZRk3UBZ7vALCedGbyIWqLKYkwq4qC0VNopjD26JFpd0Zfr1ElAWBezJh9SUaR-Qd9iRi6LUcTZ2GwoufiHGXVOWknRTfhN4EEK6ziAzHmPB3wdSHuevZULkg7nGwLCLEr24bWdpPx_ZLIbhMCywDNsnxWPHWcqt7pXLaFU-vfgzmKkA2KxLOebN-t_vMX2GIkojD1m_mzq4p4awljAeFY00jRER-ecjWsIQ40qxAaBngUt19WPhkvNQP8Ehs_6jCBgaMaUj_KcfAAbQCGc6mHIdSBbzoy-bKi36vjre_3XBJlVwO1MSyU4QkposlFyngfgNVzKtlqv2t9PW89N1xa4fg11zxrzU10qxSvuNx_gi4TEJDMxiW03QW5dsU4_DNp-S6M_whiNbjlzr_G7BNwffbMF1Pgb-AerdeOo8ZZ6Kbt4Hj6R5jOb6636XSe7F0AYhxoXHxyBsocW4Id6iXMl5ZKhgzWLgdDX6zlczfx4fsj1Fbd1qAJUjhOP2Hahfr_ciYsoWv6qra_7AXfjN1Gt3ZHFPV2GykTmpoOq0cjn4P7kcTBNsr47eAF2wLBQXikr4
token_found=True token_str_prefix=eyJhbGci
authorization_header_removed
middleware invoked
HTTP_AUTHORIZATION=None
middleware invoked
HTTP_AUTHORIZATION=Bearer eyJhbGciOiJSUzI1NiIsInR5cCI6IkpXVCJ9.eyJzY29wZSI6bnVsbCwiZXhwIjoxNzU5MzgyMjg1LCJpc3N1ZXIiOiJBbHBoYSJ9.ad5aP-JyrgL-bG5T0K7BLpxRsPYHS-gR2AkzUT9_6phns3cXo_i_2IkQPEQeBpIFobBPH_UO549EwGfnIMDKgY4FwksLMwC_9Aq3bEIRBRjO8Ca7nSLZE3-0y5VlTNsxX9XOs8KC_sZ5lGp87q81NLC0lmzFzNyTsV5PO77VwC6xD2YisyJosPg9IUT7J5gz_u5QoZCN6Bd0hyDFKTKA1jCqQV9xGqUI-m849vJdyQ8N6aFJ7F3P7I8KXyVqc0U8KN3qt4AtrnZIfdHGBBVFOoa8MpMEJ8vtGLnnPiPaAowQxdYZvWGcn7bGXSl8SS6l0TLMvJK5yMPUOKl1LgKQyB5NgYEzqVyim352j9C5k3FjO_SbykTTs8ROGVvZ-kka5YU0jicKQe5VlQ7M4tirK4Sa2fX04mbLMNyapaAhOx7H2txHnzCM_XQ6DVpTS1I0Gj2_8wySSW3CYad9f-yPQl0uyWC7in2bFMURsg9oKk-4E06vJIcdWGttHG5kXOMhhcb7R3ASXjPrUtJEJs-MuLRfiMd4PoB6tH8Cse4F7o3ZEWPLSLrouBiC6L4W1oGdO-j2ZNUUYJbu3GDwB6df02E1qQSvgKtt_zF6ZyQrLN_mhjlR-pXQVIpWFU94v_-3hZOXd-72wz87GxQiNMD-e9NZSouYCu6ip6_C8ycECyk
token_found=True token_str_prefix=eyJhbGci
authorization_header_removed
middleware invoked
HTTP_AUTHORIZATION=None
middleware invoked
HTTP_AUTHORIZATION=Bearer eyJhbGciOiJSUzI1NiIsInR5cCI6IkpXVCJ9.eyJzY29wZSI6bnVsbCwiZXhwIjoxNzU5MzgyMjg2LCJpc3N1ZXIiOiJBbHBoYSJ9.aZ_QlGnR0RLAGmJe7SQ-mC57m3s5o33hCMg9KdujQEMXsprbdEoBvA-FiwjTcyMmYX21cWihWA78v882gKshDsMAyP-uzte7PyI4h1Gg96A3QF20LIa_AjqEZVEeZXRXy2JYIw_156arMZsePsZ97jXhYhSgfooGO_Hrobl0cKfeEJM6-wz6CCqktN4ZY3wMfMSPtuGIHSAvNrCkl3n-rBo1eyzkBTEn_N5bB0qmwUlN5AgWBd22IY8Hj1x9JNfstgPrE6qya374G60LWO4nJAcOTSrL6UoME-U4nIw3houACHf_n8OPEyuQGCR2jntkzgw4DnodHdSvIYAh5D8izKX_aZe0DHKGl_CjjJfRDAEboxGhWabcQPgSTexrMrXWd-93ChucxYI-S1gke4HyQKyI5NG0lR287aSsZQrWjab6oEljLbcKT-C9uBgTcaUJbHUICt9Ytlo2m5HNuqWMF66FLU4qsMJ35xzKU6sO0i3UBHAHxxekkkamwVa7-ANNg74_w2E4hI0WBcTqDFaHvm-BC04PB7jZYxppD21qRAZ3_DdD4ynqj_pmgj2DVhLeYu-ZgtewAiTm_yj9Mi7-RAWuKlmfB6_uQQQ1D6Hjk1KX-aMWbibadY0MRNuv80Wystj0WdMsRu3q3oKWVm-Cubza88TZa7lKtx33r208Bgw
token_found=True token_str_prefix=eyJhbGci
authorization_header_removed
middleware invoked
HTTP_AUTHORIZATION=None
middleware invoked
HTTP_AUTHORIZATION=Bearer eyJhbGciOiJSUzI1NiIsInR5cCI6IkpXVCJ9.eyJzY29wZSI6bnVsbCwiZXhwIjoxNzU5MzgyMjg3LCJpc3N1ZXIiOiJBbHBoYSJ9.P4RP3Ptg9wp6UwhXDFDv8b3rQ7fGS_4Jv75eUy0RSc_xUducGJpb-LSnhERXBJEOQrrreM8WYVAa9v_oNwwCK-o5VH0EmJ5qAMAtWdl2jwUXiDs9ZTy1LRktzz1ZpVMZP0S5uOae82xp-OQaFClpWWtMhvoPnlvZoqxfmOyuegnXfrZ-UE8wJG6144nci401V0brfxjnzq4xad_GOTB5LMUvkyQ-XgnOYRCWHKeZKYB7bjE8ciKHbFa5s5nM7UcQs4mzuYo1RtckghWP0spZLjPsS2-S4OrkWGKyPGRtlQGZv3lmiO55LBeOD1P_XzZCLpMPCFi8ThpS42I8zWPsXkMRk3ILcd9MJo61SBB0RHyFIotYkvn_IDUOlJRm1O8BoWOT0pZKkt585-_PZV1Re_GIlAdc4PXdeGiCpL2LKR2_Mhw1qnm6TWLm5a2De976yCVveh6pHqRlnnT8EEl0Af8Nwilp9E2aaWzzAywNyWOmOfgmYoqxdhJpJj0edEGjylAYRylir50QaFksXKT9vzBqu-maPTlHl49luDh_C0lxOUSj2hr2BcXFxz_4PDdAXBcdz94J7XZ7Fl3T75oFzX2D550jSiPZHhCi7vcBQzsTO3Q6zIQD7OmY9LjV57duY8QECOpfAxI5dJTmsVesTVtzzZUMkyXOdyFf9u-NkhI
token_found=True token_str_prefix=eyJhbGci
authorization_header_removed
